<?xml version="1.0" encoding="UTF-8"?>
<!-- Generated by org.testng.reporters.JUnitReportReporter -->
<testsuite hostname="Umair" failures="0" tests="1" name="com.brillio.test.LoginTest" time="0.014" errors="0" timestamp="2022-05-30T12:15:25 IST" skipped="0">
  <testcase classname="com.brillio.test.LoginTest" name="validCredentialTest" time="0.014"/>
  <system-out/>
</testsuite> <!-- com.brillio.test.LoginTest -->
